<?xml version="1.0" encoding="UTF-8"?>
<!-- Generated by org.testng.reporters.JUnitXMLReporter -->
<testsuite ignored="0" hostname="IBM-8SXV2F3" failures="0" tests="7" name="Default test" time="11.535" errors="0" timestamp="01 Jun 2022 10:35:27 GMT">
  <testcase classname="IBM_FST.RestAssured_Assignment.Assignment" name="testcase1" time="2.707"/>
  <testcase classname="IBM_FST.RestAssured_Assignment.Assignment" name="testcase2" time="1.426"/>
  <testcase classname="IBM_FST.RestAssured_Assignment.Assignment" name="testcase3" time="1.424"/>
  <testcase classname="IBM_FST.RestAssured_Assignment.Assignment" name="testcase4" time="1.451"/>
  <testcase classname="IBM_FST.RestAssured_Assignment.Assignment" name="testcase5" time="1.519"/>
  <testcase classname="IBM_FST.RestAssured_Assignment.Assignment" name="testcase6" time="1.434"/>
  <testcase classname="IBM_FST.RestAssured_Assignment.Assignment" name="testcase7" time="1.547"/>
</testsuite> <!-- Default test -->
