<?xml version="1.0" encoding="UTF-8"?>
<testng-results ignored="0" total="7" passed="7" failed="0" skipped="0">
  <reporter-output>
  </reporter-output>
  <suite started-at="2022-06-01T10:35:15Z" name="Default suite" finished-at="2022-06-01T10:35:27Z" duration-ms="11535">
    <groups>
    </groups>
    <test started-at="2022-06-01T10:35:15Z" name="Default test" finished-at="2022-06-01T10:35:27Z" duration-ms="11535">
      <class name="IBM_FST.RestAssured_Assignment.Assignment">
        <test-method signature="testcase1()[pri:0, instance:IBM_FST.RestAssured_Assignment.Assignment@68f4865]" started-at="2022-06-01T10:35:15Z" name="testcase1" description="perform the post operation using escape character" finished-at="2022-06-01T10:35:18Z" duration-ms="2707" status="PASS">
          <reporter-output>
          </reporter-output>
        </test-method> <!-- testcase1 -->
        <test-method signature="testcase2()[pri:0, instance:IBM_FST.RestAssured_Assignment.Assignment@68f4865]" started-at="2022-06-01T10:35:18Z" name="testcase2" description="perform the get operation" finished-at="2022-06-01T10:35:19Z" duration-ms="1426" status="PASS">
          <reporter-output>
          </reporter-output>
        </test-method> <!-- testcase2 -->
        <test-method signature="testcase3()[pri:0, instance:IBM_FST.RestAssured_Assignment.Assignment@68f4865]" started-at="2022-06-01T10:35:19Z" name="testcase3" description="perform the post operation using jsonfile" finished-at="2022-06-01T10:35:21Z" duration-ms="1424" status="PASS">
          <reporter-output>
          </reporter-output>
        </test-method> <!-- testcase3 -->
        <test-method signature="testcase4()[pri:0, instance:IBM_FST.RestAssured_Assignment.Assignment@68f4865]" started-at="2022-06-01T10:35:21Z" name="testcase4" description="perform the put operation using escape character" finished-at="2022-06-01T10:35:22Z" duration-ms="1451" status="PASS">
          <reporter-output>
          </reporter-output>
        </test-method> <!-- testcase4 -->
        <test-method signature="testcase5()[pri:0, instance:IBM_FST.RestAssured_Assignment.Assignment@68f4865]" started-at="2022-06-01T10:35:22Z" name="testcase5" description="perform the put operation using jsonfile character" finished-at="2022-06-01T10:35:24Z" duration-ms="1519" status="PASS">
          <reporter-output>
          </reporter-output>
        </test-method> <!-- testcase5 -->
        <test-method signature="testcase6()[pri:0, instance:IBM_FST.RestAssured_Assignment.Assignment@68f4865]" started-at="2022-06-01T10:35:24Z" name="testcase6" description="perform the delete operation" finished-at="2022-06-01T10:35:25Z" duration-ms="1434" status="PASS">
          <reporter-output>
          </reporter-output>
        </test-method> <!-- testcase6 -->
        <test-method signature="testcase7()[pri:0, instance:IBM_FST.RestAssured_Assignment.Assignment@68f4865]" started-at="2022-06-01T10:35:25Z" name="testcase7" description="verify the 404 error code" finished-at="2022-06-01T10:35:27Z" duration-ms="1547" status="PASS">
          <reporter-output>
          </reporter-output>
        </test-method> <!-- testcase7 -->
      </class> <!-- IBM_FST.RestAssured_Assignment.Assignment -->
    </test> <!-- Default test -->
  </suite> <!-- Default suite -->
</testng-results>
